<?xml version="1.0" encoding="UTF-8" ?>
<testsuite errors="0" failures="0" name="com.nhcsys.test.webservices.axis2.GetMessagesService.GetMessagesServiceTest" tests="5" time="6.938">
  <properties>
[...]
</properties>
  <testcase classname="com.nhcsys.test.webservices.axis2.GetMessagesService.GetMessagesServiceTest" name="testGetMessages" time="5.875"></testcase>
  <testcase classname="com.nhcsys.test.webservices.axis2.GetMessagesService.GetMessagesServiceTest" name="testBadSessionID" time="0.218"></testcase>
  <testcase classname="com.nhcsys.test.webservices.axis2.GetMessagesService.GetMessagesServiceTest" name="testIgnoreExpiredMessages" time="0.125"></testcase>
  <testcase classname="com.nhcsys.test.webservices.axis2.GetMessagesService.GetMessagesServiceTest" name="testGetModifiedMessages" time="0.485"></testcase>
  <testcase classname="com.nhcsys.test.webservices.axis2.GetMessagesService.GetMessagesServiceTest" name="testGetCurrentMessages" time="0.203"></testcase>
  <system-out><![CDATA[14:48:43,968 ERROR [TestBase] entered clearDatabase method
14:48:43,968 ERROR [TestBase] Select all from messages
Deleting messageId
Deleting messageId
Deleting messageId
Deleting messageId
Deleting messageId
Deleting messageId
Deleting messageId
Deleting messageId
URL to query is: http://devweb1.nhcsys.local:8080/axis2/services/GetMessagesService
14:48:45,031 ERROR [TestBase] url = http://devweb1.nhcsys.local:8080/axis2/services/GetMessagesService
MessageID is 4
SessionID is MzAxOTMz_a215a4bf-3588-4c87-b84a-3470f7ebca15
Retrieve After time is java.util.GregorianCalendar[time=1195588125031,areFieldsSet=true,areAllFieldsSet=true,lenient=true,zone=sun.util.calendar.ZoneInfo[id="America/New_York",offset=-18000000,dstSavings=3600000,useDaylight=true,transitions=235,lastRule=java.util.SimpleTimeZone[id=America/New_York,offset=-18000000,dstSavings=3600000,useDaylight=true,startYear=0,startMode=3,startMonth=2,startDay=8,startDayOfWeek=1,startTime=7200000,startTimeMode=0,endMode=3,endMonth=10,endDay=1,endDayOfWeek=1,endTime=7200000,endTimeMode=0]],firstDayOfWeek=1,minimalDaysInFirstWeek=1,ERA=1,YEAR=2007,MONTH=10,WEEK_OF_YEAR=47,WEEK_OF_MONTH=4,DAY_OF_MONTH=20,DAY_OF_YEAR=324,DAY_OF_WEEK=3,DAY_OF_WEEK_IN_MONTH=3,AM_PM=1,HOUR=2,HOUR_OF_DAY=14,MINUTE=48,SECOND=45,MILLISECOND=31,ZONE_OFFSET=-18000000,DST_OFFSET=0]
Assert test now
Cleared Assert test
Messages sent back is: 4
14:48:49,812 ERROR [TestBase] com.nhcsys.test.webservices.axis2.GetMessagesService.GetMessagesServiceStub$MessageType@77eb97
14:48:49,812 ERROR [TestBase] com.nhcsys.test.webservices.axis2.GetMessagesService.GetMessagesServiceStub$MessageType@10c3a08
14:48:49,812 ERROR [TestBase] com.nhcsys.test.webservices.axis2.GetMessagesService.GetMessagesServiceStub$MessageType@cb42cf
14:48:49,812 ERROR [TestBase] com.nhcsys.test.webservices.axis2.GetMessagesService.GetMessagesServiceStub$MessageType@8f2ca6
14:48:49,828 ERROR [TestBase] url = http://devweb1.nhcsys.local:8080/axis2/services/GetMessagesService
14:48:49,953 ERROR [TestBase] com.nhcsys.test.webservices.axis2.GetMessagesService.GetMessagesServiceTest::GetMessages() -- Caught an exception 
org.apache.axis2.AxisFault: SessionID MzAxOTMz_a215a4bf-3588-4c87-b84a-3470f7ebca15-xx either has no records or more than one record in the database
	at org.apache.axis2.util.Utils.getInboundFaultFromMessageContext(Utils.java:486)
	at org.apache.axis2.description.OutInAxisOperationClient.handleResponse(OutInAxisOperation.java:343)
	at org.apache.axis2.description.OutInAxisOperationClient.send(OutInAxisOperation.java:389)
	at org.apache.axis2.description.OutInAxisOperationClient.executeImpl(OutInAxisOperation.java:211)
	at org.apache.axis2.client.OperationClient.execute(OperationClient.java:163)
	at com.nhcsys.test.webservices.axis2.GetMessagesService.GetMessagesServiceStub.GetMessages(GetMessagesServiceStub.java:173)
	at com.nhcsys.test.webservices.axis2.GetMessagesService.GetMessagesServiceTest.testBadSessionID(GetMessagesServiceTest.java:208)
	at sun.reflect.NativeMethodAccessorImpl.invoke0(Native Method)
	at sun.reflect.NativeMethodAccessorImpl.invoke(NativeMethodAccessorImpl.java:39)
	at sun.reflect.DelegatingMethodAccessorImpl.invoke(DelegatingMethodAccessorImpl.java:25)
	at java.lang.reflect.Method.invoke(Method.java:585)
	at junit.framework.TestCase.runTest(TestCase.java:168)
	at junit.framework.TestCase.runBare(TestCase.java:134)
	at junit.framework.TestResult$1.protect(TestResult.java:110)
	at junit.framework.TestResult.runProtected(TestResult.java:128)
	at junit.framework.TestResult.run(TestResult.java:113)
	at junit.framework.TestCase.run(TestCase.java:124)
	at junit.framework.TestSuite.runTest(TestSuite.java:232)
	at junit.framework.TestSuite.run(TestSuite.java:227)
	at org.apache.tools.ant.taskdefs.optional.junit.JUnitTestRunner.run(JUnitTestRunner.java:297)
	at org.apache.tools.ant.taskdefs.optional.junit.JUnitTask.executeInVM(JUnitTask.java:1072)
	at org.apache.tools.ant.taskdefs.optional.junit.JUnitTask.execute(JUnitTask.java:682)
	at org.apache.tools.ant.taskdefs.optional.junit.JUnitTask.executeOrQueue(JUnitTask.java:1434)
	at org.apache.tools.ant.taskdefs.optional.junit.JUnitTask.execute(JUnitTask.java:632)
	at org.apache.tools.ant.UnknownElement.execute(UnknownElement.java:275)
	at org.apache.tools.ant.Task.perform(Task.java:364)
	at org.apache.tools.ant.taskdefs.Sequential.execute(Sequential.java:64)
	at org.apache.tools.ant.UnknownElement.execute(UnknownElement.java:275)
	at org.apache.tools.ant.Task.perform(Task.java:364)
	at org.apache.tools.ant.taskdefs.MacroInstance.execute(MacroInstance.java:378)
	at org.apache.tools.ant.UnknownElement.execute(UnknownElement.java:275)
	at org.apache.tools.ant.Task.perform(Task.java:364)
	at org.apache.tools.ant.Target.execute(Target.java:341)
	at org.apache.tools.ant.Target.performTasks(Target.java:369)
	at org.apache.tools.ant.Project.executeSortedTargets(Project.java:1216)
	at org.apache.tools.ant.Project.executeTarget(Project.java:1185)
	at org.apache.tools.ant.helper.DefaultExecutor.executeTargets(DefaultExecutor.java:40)
	at org.apache.tools.ant.Project.executeTargets(Project.java:1068)
	at org.apache.tools.ant.Main.runBuild(Main.java:668)
	at org.apache.tools.ant.Main.startAnt(Main.java:187)
	at org.apache.tools.ant.launch.Launcher.run(Launcher.java:246)
	at org.apache.tools.ant.launch.Launcher.main(Launcher.java:67)
14:48:50,000 ERROR [TestBase] Exception caught : 
java.lang.ExceptionInInitializerError
	at com.nhcsys.common.WebServicesFaultTypesEnum.getDescription(WebServicesFaultTypesEnum.java:55)
	at com.nhcsys.test.webservices.axis2.GetMessagesService.GetMessagesServiceTest.getErrorMessageDescription(GetMessagesServiceTest.java:700)
	at com.nhcsys.test.webservices.axis2.GetMessagesService.GetMessagesServiceTest.testBadSessionID(GetMessagesServiceTest.java:214)
	at sun.reflect.NativeMethodAccessorImpl.invoke0(Native Method)
	at sun.reflect.NativeMethodAccessorImpl.invoke(NativeMethodAccessorImpl.java:39)
	at sun.reflect.DelegatingMethodAccessorImpl.invoke(DelegatingMethodAccessorImpl.java:25)
	at java.lang.reflect.Method.invoke(Method.java:585)
	at junit.framework.TestCase.runTest(TestCase.java:168)
	at junit.framework.TestCase.runBare(TestCase.java:134)
	at junit.framework.TestResult$1.protect(TestResult.java:110)
	at junit.framework.TestResult.runProtected(TestResult.java:128)
	at junit.framework.TestResult.run(TestResult.java:113)
	at junit.framework.TestCase.run(TestCase.java:124)
	at junit.framework.TestSuite.runTest(TestSuite.java:232)
	at junit.framework.TestSuite.run(TestSuite.java:227)
	at org.apache.tools.ant.taskdefs.optional.junit.JUnitTestRunner.run(JUnitTestRunner.java:297)
	at org.apache.tools.ant.taskdefs.optional.junit.JUnitTask.executeInVM(JUnitTask.java:1072)
	at org.apache.tools.ant.taskdefs.optional.junit.JUnitTask.execute(JUnitTask.java:682)
	at org.apache.tools.ant.taskdefs.optional.junit.JUnitTask.executeOrQueue(JUnitTask.java:1434)
	at org.apache.tools.ant.taskdefs.optional.junit.JUnitTask.execute(JUnitTask.java:632)
	at org.apache.tools.ant.UnknownElement.execute(UnknownElement.java:275)
	at org.apache.tools.ant.Task.perform(Task.java:364)
	at org.apache.tools.ant.taskdefs.Sequential.execute(Sequential.java:64)
	at org.apache.tools.ant.UnknownElement.execute(UnknownElement.java:275)
	at org.apache.tools.ant.Task.perform(Task.java:364)
	at org.apache.tools.ant.taskdefs.MacroInstance.execute(MacroInstance.java:378)
	at org.apache.tools.ant.UnknownElement.execute(UnknownElement.java:275)
	at org.apache.tools.ant.Task.perform(Task.java:364)
	at org.apache.tools.ant.Target.execute(Target.java:341)
	at org.apache.tools.ant.Target.performTasks(Target.java:369)
	at org.apache.tools.ant.Project.executeSortedTargets(Project.java:1216)
	at org.apache.tools.ant.Project.executeTarget(Project.java:1185)
	at org.apache.tools.ant.helper.DefaultExecutor.executeTargets(DefaultExecutor.java:40)
	at org.apache.tools.ant.Project.executeTargets(Project.java:1068)
	at org.apache.tools.ant.Main.runBuild(Main.java:668)
	at org.apache.tools.ant.Main.startAnt(Main.java:187)
	at org.apache.tools.ant.launch.Launcher.run(Launcher.java:246)
	at org.apache.tools.ant.launch.Launcher.main(Launcher.java:67)
Caused by: java.util.MissingResourceException: Can't find bundle for base name webservicesfaultcodedescriptions, locale en_US
	at java.util.ResourceBundle.throwMissingResourceException(ResourceBundle.java:836)
	at java.util.ResourceBundle.getBundleImpl(ResourceBundle.java:805)
	at java.util.ResourceBundle.getBundle(ResourceBundle.java:549)
	at com.nhcsys.common.WebServicesFaultResourceBundle.<clinit>(WebServicesFaultResourceBundle.java:11)
	... 38 more
14:48:50,046 ERROR [TestBase] entered clearDatabase method
14:48:50,046 ERROR [TestBase] Select all from messages
Deleting messageId
Deleting messageId
Deleting messageId
Deleting messageId
Deleting messageId
Deleting messageId
Deleting messageId
Deleting messageId
14:48:50,078 ERROR [TestBase] url = http://devweb1.nhcsys.local:8080/axis2/services/GetMessagesService
14:48:50,171 ERROR [TestBase] com.nhcsys.test.webservices.axis2.GetMessagesService.GetMessagesServiceStub$MessageType@9260ee
14:48:50,171 ERROR [TestBase] entered clearDatabase method
14:48:50,171 ERROR [TestBase] Select all from messages
Deleting messageId
Deleting messageId
Deleting messageId
14:48:50,562 ERROR [TestBase] url = http://devweb1.nhcsys.local:8080/axis2/services/GetMessagesService
14:48:50,656 ERROR [TestBase] com.nhcsys.test.webservices.axis2.GetMessagesService.GetMessagesServiceStub$MessageType@9b688e
14:48:50,656 ERROR [TestBase] com.nhcsys.test.webservices.axis2.GetMessagesService.GetMessagesServiceStub$MessageType@ed5d9d
14:48:50,656 ERROR [TestBase] entered clearDatabase method
14:48:50,656 ERROR [TestBase] Select all from messages
Deleting messageId
Deleting messageId
14:48:50,765 ERROR [TestBase] url = http://devweb1.nhcsys.local:8080/axis2/services/GetMessagesService
14:48:50,859 ERROR [TestBase] com.nhcsys.test.webservices.axis2.GetMessagesService.GetMessagesServiceStub$MessageType@bb2bc3
14:48:50,859 ERROR [TestBase] com.nhcsys.test.webservices.axis2.GetMessagesService.GetMessagesServiceStub$MessageType@363068
]]></system-out>
  <system-err><![CDATA[java.lang.ExceptionInInitializerError
	at com.nhcsys.common.WebServicesFaultTypesEnum.getDescription(WebServicesFaultTypesEnum.java:55)
	at com.nhcsys.test.webservices.axis2.GetMessagesService.GetMessagesServiceTest.getErrorMessageDescription(GetMessagesServiceTest.java:700)
	at com.nhcsys.test.webservices.axis2.GetMessagesService.GetMessagesServiceTest.testBadSessionID(GetMessagesServiceTest.java:214)
	at sun.reflect.NativeMethodAccessorImpl.invoke0(Native Method)
	at sun.reflect.NativeMethodAccessorImpl.invoke(NativeMethodAccessorImpl.java:39)
	at sun.reflect.DelegatingMethodAccessorImpl.invoke(DelegatingMethodAccessorImpl.java:25)
	at java.lang.reflect.Method.invoke(Method.java:585)
	at junit.framework.TestCase.runTest(TestCase.java:168)
	at junit.framework.TestCase.runBare(TestCase.java:134)
	at junit.framework.TestResult$1.protect(TestResult.java:110)
	at junit.framework.TestResult.runProtected(TestResult.java:128)
	at junit.framework.TestResult.run(TestResult.java:113)
	at junit.framework.TestCase.run(TestCase.java:124)
	at junit.framework.TestSuite.runTest(TestSuite.java:232)
	at junit.framework.TestSuite.run(TestSuite.java:227)
	at org.apache.tools.ant.taskdefs.optional.junit.JUnitTestRunner.run(JUnitTestRunner.java:297)
	at org.apache.tools.ant.taskdefs.optional.junit.JUnitTask.executeInVM(JUnitTask.java:1072)
	at org.apache.tools.ant.taskdefs.optional.junit.JUnitTask.execute(JUnitTask.java:682)
	at org.apache.tools.ant.taskdefs.optional.junit.JUnitTask.executeOrQueue(JUnitTask.java:1434)
	at org.apache.tools.ant.taskdefs.optional.junit.JUnitTask.execute(JUnitTask.java:632)
	at org.apache.tools.ant.UnknownElement.execute(UnknownElement.java:275)
	at org.apache.tools.ant.Task.perform(Task.java:364)
	at org.apache.tools.ant.taskdefs.Sequential.execute(Sequential.java:64)
	at org.apache.tools.ant.UnknownElement.execute(UnknownElement.java:275)
	at org.apache.tools.ant.Task.perform(Task.java:364)
	at org.apache.tools.ant.taskdefs.MacroInstance.execute(MacroInstance.java:378)
	at org.apache.tools.ant.UnknownElement.execute(UnknownElement.java:275)
	at org.apache.tools.ant.Task.perform(Task.java:364)
	at org.apache.tools.ant.Target.execute(Target.java:341)
	at org.apache.tools.ant.Target.performTasks(Target.java:369)
	at org.apache.tools.ant.Project.executeSortedTargets(Project.java:1216)
	at org.apache.tools.ant.Project.executeTarget(Project.java:1185)
	at org.apache.tools.ant.helper.DefaultExecutor.executeTargets(DefaultExecutor.java:40)
	at org.apache.tools.ant.Project.executeTargets(Project.java:1068)
	at org.apache.tools.ant.Main.runBuild(Main.java:668)
	at org.apache.tools.ant.Main.startAnt(Main.java:187)
	at org.apache.tools.ant.launch.Launcher.run(Launcher.java:246)
	at org.apache.tools.ant.launch.Launcher.main(Launcher.java:67)
Caused by: java.util.MissingResourceException: Can't find bundle for base name webservicesfaultcodedescriptions, locale en_US
	at java.util.ResourceBundle.throwMissingResourceException(ResourceBundle.java:836)
	at java.util.ResourceBundle.getBundleImpl(ResourceBundle.java:805)
	at java.util.ResourceBundle.getBundle(ResourceBundle.java:549)
	at com.nhcsys.common.WebServicesFaultResourceBundle.<clinit>(WebServicesFaultResourceBundle.java:11)
	... 38 more
]]></system-err>
</testsuite>
